[zoa.vn/webinar-cskh-tu-dong-voi-zalo-oa/index6f71.html]
[backblue.gif]
[fade.gif]
[index.html]
[w.ladicdn.com_443/622f18c9fe570c002c648a8b/webinar-20231115075715-bi1ru.png]
[w.ladicdn.com/v4/source/ladipagev3.min9218.js]
[w.ladicdn.com/s350x350/622f18c9fe570c002c648a8b/learning-20230919043156-rcasg.png]
[w.ladicdn.com/s650x450/622f18c9fe570c002c648a8b/button-logo-20231113080449-zlgyx.png]
[w.ladicdn.com/s450x450/622f18c9fe570c002c648a8b/logo-omi-vuong-20231114063550-evunw.png]
[w.ladicdn.com/s600x550/622f18c9fe570c002c648a8b/shape-02-20240322034816-q8tds.png]
[w.ladicdn.com/s600x550/622f18c9fe570c002c648a8b/shape-01-20240322034815-hs9o8.png]
[w.ladicdn.com/s600x550/622f18c9fe570c002c648a8b/bg-20240322034815-chjdo.png]
[w.ladicdn.com/s350x350/622f18c9fe570c002c648a8b/shape-4-20240322043025-y4fcc.png]
[w.ladicdn.com/s600x750/622f18c9fe570c002c648a8b/veuthirl20231208023237.jpg]
[w.ladicdn.com/s600x700/622f18c9fe570c002c648a8b/tydtlumn20231208022307.jpg]
[w.ladicdn.com/s600x750/622f18c9fe570c002c648a8b/ttsr57sw20231208023336.jpg]
[w.ladicdn.com/s350x350/622f18c9fe570c002c648a8b/icon-01-20231208040248-d7olj.png]
[w.ladicdn.com/s350x350/622f18c9fe570c002c648a8b/icon-02-20231208040248-kif-6.png]
[w.ladicdn.com/s350x350/622f18c9fe570c002c648a8b/icon-03-20231208040248-pc4zl.png]
[w.ladicdn.com/s350x350/622f18c9fe570c002c648a8b/icon-04-20231208040248-osy-e.png]
[w.ladicdn.com/s350x350/622f18c9fe570c002c648a8b/favorite-20231208063638-4m_mj.png]
[w.ladicdn.com/s700x400/622f18c9fe570c002c648a8b/1600x400-form-dang-ky-20240322064521-c6bt1.png]
[w.ladicdn.com/s350x350/622f18c9fe570c002c648a8b/clock-20230919062909-dbtv6.png]
[w.ladicdn.com/s350x350/622f18c9fe570c002c648a8b/live-stream-20230919045747-de9wu.png]
[w.ladicdn.com/s350x350/622f18c9fe570c002c648a8b/calendar-20230919062612-qlzhe.png]
[w.ladicdn.com/s550x400/622f18c9fe570c002c648a8b/logo-omicall-w-20231208090337-a1krm.png]
[w.ladicdn.com/s1440x740/622f18c9fe570c002c648a8b/background-20240322033459-elygq.png]
[w.ladicdn.com/s750x400/622f18c9fe570c002c648a8b/rectangle-4-20240322035220-dbpjf.png]
[w.ladicdn.com/s700x700/622f18c9fe570c002c648a8b/untitled-1-20240322043811-3zol4.png]
[w.ladicdn.com/s750x750/622f18c9fe570c002c648a8b/untitled-2-20240322043811-3j5b7.png]
[w.ladicdn.com/s1440x74/622f18c9fe570c002c648a8b/background-20240322033459-elygq.png]
[w.ladicdn.com/s800x650/622f18c9fe570c002c648a8b/minh-hoa-2-20231114035543-hho7x.png]
[w.ladicdn.com/s1440x788/622f18c9fe570c002c648a8b/banner-20231207214446-ocwat.png]
[w.ladicdn.com/s800x800/622f18c9fe570c002c648a8b/untitled-1-20240322043811-3zol4.png]
[w.ladicdn.com/s800x850/622f18c9fe570c002c648a8b/untitled-2-20240322043811-3j5b7.png]
[w.ladicdn.com/s550x750/5c7362c6c417ab07e5196b05/egnugwjr20200213031514.jpg]
[w.ladicdn.com/s435x423/622f18c9fe570c002c648a8b/dy4_s6jn20231208023322.jpg]
[w.ladicdn.com/s1440x455/622f18c9fe570c002c648a8b/eFihaI1x20231012200012.jpg]
[w.ladicdn.com/s500x400/622f18c9fe570c002c648a8b/logo-omicall-w-20231208090337-a1krm.png]
[w.ladicdn.com/s1440x464/622f18c9fe570c002c648a8b/eFihaI1x20231012200012.jpg]
[w.ladicdn.com/s800x450/622f18c9fe570c002c648a8b/1600x400-form-dang-ky-20240322064521-c6bt1.png]
[w.ladicdn.com/s800x450/622f18c9fe570c002c648a8b/1600x400-form-dang-ky-min-20231208090608-j41lt.png]
[w.ladicdn.com/s768x961/622f18c9fe570c002c648a8b/background-20240322033459-elygq.png]
[w.ladicdn.com/s650x400/622f18c9fe570c002c648a8b/rectangle-4-20240322035220-dbpjf.png]
[w.ladicdn.com/s650x650/622f18c9fe570c002c648a8b/untitled-1-20240322043811-3zol4.png]
[w.ladicdn.com/s650x650/622f18c9fe570c002c648a8b/untitled-2-20240322043811-3j5b7.png]
[w.ladicdn.com/s768x143/622f18c9fe570c002c648a8b/background-20240322033459-elygq.png]
[w.ladicdn.com/s750x600/622f18c9fe570c002c648a8b/minh-hoa-2-20231114035543-hho7x.png]
[w.ladicdn.com/s768x886/622f18c9fe570c002c648a8b/banner-20231207214446-ocwat.png]
[w.ladicdn.com/s750x750/622f18c9fe570c002c648a8b/untitled-1-20240322043811-3zol4.png]
[w.ladicdn.com/s450x650/5c7362c6c417ab07e5196b05/egnugwjr20200213031514.jpg]
[w.ladicdn.com/s419x452/622f18c9fe570c002c648a8b/dy4_s6jn20231208023322.jpg]
[w.ladicdn.com/s768x773/622f18c9fe570c002c648a8b/eFihaI1x20231012200012.jpg]
[w.ladicdn.com/s650x400/622f18c9fe570c002c648a8b/1600x400-form-dang-ky-20240322064521-c6bt1.png]
[w.ladicdn.com/s768x734/622f18c9fe570c002c648a8b/eFihaI1x20231012200012.jpg]
[w.ladicdn.com/s650x400/622f18c9fe570c002c648a8b/1600x400-form-dang-ky-min-20231208090608-j41lt.png]
[connect.facebook.net/en_US/fbevents.js]
[zoa.vn/webinar-cskh-tu-dong-voi-zalo-oa/index6f71.html]
[zoa.vn/cdn-cgi/scripts/5c5dd728/cloudflare-static/email-decode.min.js]
[zoa.vn/webinar-cskh-tu-dong-voi-zalo-oa/a.37.delayed]
[zoa.vn/webinar-cskh-tu-dong-voi-zalo-oa/POST]
[zoa.vn/webinar-cskh-tu-dong-voi-zalo-oa/b.resolvedLink]
[zoa.vn/webinar-cskh-tu-dong-voi-zalo-oa/schema.org/index.html]
[zoa.vn/signals/iwl.js]
[connect.facebook.net/en_US/fbevents.js]
[zoa.vn/webinar-cskh-tu-dong-voi-zalo-oa/a.html]
[zoa.vn/webinar-cskh-tu-dong-voi-zalo-oa/POST.html]
[zoa.vn/webinar-cskh-tu-dong-voi-zalo-oa/schema.org/index.html]
[zoa.vn/webinar-cskh-tu-dong-voi-zalo-oa/b.html]
[zoa.vn/signals/iwl.html]
